# JRE version: Java(TM) SE Runtime Environment (8.0_144-b01) (build 1.8.0_144-b01)
# Java VM: Java HotSpot(TM) 64-Bit Server VM (25.144-b01 mixed mode windows-amd64 compressed oops)
Heap:
 PSYoungGen      total 225792K, used 35508K [0x00000000d5b80000, 0x00000000ea880000, 0x0000000100000000)
  eden space 210944K, 9% used [0x00000000d5b80000,0x00000000d6fb2168,0x00000000e2980000)
  from space 14848K, 99% used [0x00000000e2980000,0x00000000e37faf40,0x00000000e3800000)
  to   space 17408K, 0% used [0x00000000e9780000,0x00000000e9780000,0x00000000ea880000)
 ParOldGen       total 72704K, used 20852K [0x0000000081200000, 0x0000000085900000, 0x00000000d5b80000)
  object space 72704K, 28% used [0x0000000081200000,0x000000008265d180,0x0000000085900000)
 Metaspace       used 47195K, capacity 48314K, committed 48512K, reserved 1091584K
  class space    used 6419K, capacity 6747K, committed 6784K, reserved 1048576K
GC Heap History (10 events):
Event: 9.742 GC heap before
{Heap before GC invocations=7 (full 1):
 PSYoungGen      total 71680K, used 66560K [0x00000000d5b80000, 0x00000000df280000, 0x0000000100000000)
  eden space 66560K, 100% used [0x00000000d5b80000,0x00000000d9c80000,0x00000000d9c80000)
  from space 5120K, 0% used [0x00000000d9c80000,0x00000000d9c80000,0x00000000da180000)
  to   space 10752K, 0% used [0x00000000de800000,0x00000000de800000,0x00000000df280000)
 ParOldGen       total 52736K, used 7943K [0x0000000081200000, 0x0000000084580000, 0x00000000d5b80000)
  object space 52736K, 15% used [0x0000000081200000,0x00000000819c1d80,0x0000000084580000)
 Metaspace       used 26697K, capacity 27092K, committed 27520K, reserved 1073152K
  class space    used 3728K, capacity 3890K, committed 3968K, reserved 1048576K
Event: 9.756 GC heap after
Heap after GC invocations=7 (full 1):
 PSYoungGen      total 126976K, used 6408K [0x00000000d5b80000, 0x00000000dee80000, 0x0000000100000000)
  eden space 120320K, 0% used [0x00000000d5b80000,0x00000000d5b80000,0x00000000dd100000)
  from space 6656K, 96% used [0x00000000de800000,0x00000000dee421d0,0x00000000dee80000)
  to   space 10240K, 0% used [0x00000000dda80000,0x00000000dda80000,0x00000000de480000)
 ParOldGen       total 52736K, used 8015K [0x0000000081200000, 0x0000000084580000, 0x00000000d5b80000)
  object space 52736K, 15% used [0x0000000081200000,0x00000000819d3d90,0x0000000084580000)
 Metaspace       used 26697K, capacity 27092K, committed 27520K, reserved 1073152K
  class space    used 3728K, capacity 3890K, committed 3968K, reserved 1048576K
}
Event: 22.665 GC heap before
{Heap before GC invocations=8 (full 1):
 PSYoungGen      total 126976K, used 126728K [0x00000000d5b80000, 0x00000000dee80000, 0x0000000100000000)
  eden space 120320K, 100% used [0x00000000d5b80000,0x00000000dd100000,0x00000000dd100000)
  from space 6656K, 96% used [0x00000000de800000,0x00000000dee421d0,0x00000000dee80000)
  to   space 10240K, 0% used [0x00000000dda80000,0x00000000dda80000,0x00000000de480000)
 ParOldGen       total 52736K, used 8015K [0x0000000081200000, 0x0000000084580000, 0x00000000d5b80000)
  object space 52736K, 15% used [0x0000000081200000,0x00000000819d3d90,0x0000000084580000)
 Metaspace       used 34152K, capacity 34634K, committed 35072K, reserved 1079296K
  class space    used 4645K, capacity 4776K, committed 4864K, reserved 1048576K
Event: 22.708 GC heap after
Heap after GC invocations=8 (full 1):
 PSYoungGen      total 140288K, used 10220K [0x00000000d5b80000, 0x00000000e4580000, 0x0000000100000000)
  eden space 130048K, 0% used [0x00000000d5b80000,0x00000000d5b80000,0x00000000dda80000)
  from space 10240K, 99% used [0x00000000dda80000,0x00000000de47b090,0x00000000de480000)
  to   space 13824K, 0% used [0x00000000e3800000,0x00000000e3800000,0x00000000e4580000)
 ParOldGen       total 52736K, used 12612K [0x0000000081200000, 0x0000000084580000, 0x00000000d5b80000)
  object space 52736K, 23% used [0x0000000081200000,0x0000000081e511f8,0x0000000084580000)
 Metaspace       used 34152K, capacity 34634K, committed 35072K, reserved 1079296K
  class space    used 4645K, capacity 4776K, committed 4864K, reserved 1048576K
}
Event: 23.795 GC heap before
{Heap before GC invocations=9 (full 1):
 PSYoungGen      total 140288K, used 30938K [0x00000000d5b80000, 0x00000000e4580000, 0x0000000100000000)
  eden space 130048K, 15% used [0x00000000d5b80000,0x00000000d6fbbac8,0x00000000dda80000)
  from space 10240K, 99% used [0x00000000dda80000,0x00000000de47b090,0x00000000de480000)
  to   space 13824K, 0% used [0x00000000e3800000,0x00000000e3800000,0x00000000e4580000)
 ParOldGen       total 52736K, used 12612K [0x0000000081200000, 0x0000000084580000, 0x00000000d5b80000)
  object space 52736K, 23% used [0x0000000081200000,0x0000000081e511f8,0x0000000084580000)
 Metaspace       used 34617K, capacity 35166K, committed 35456K, reserved 1079296K
  class space    used 4723K, capacity 4931K, committed 4992K, reserved 1048576K
Event: 23.918 GC heap after
Heap after GC invocations=9 (full 1):
 PSYoungGen      total 224768K, used 11410K [0x00000000d5b80000, 0x00000000e5d80000, 0x0000000100000000)
  eden space 210944K, 0% used [0x00000000d5b80000,0x00000000d5b80000,0x00000000e2980000)
  from space 13824K, 82% used [0x00000000e3800000,0x00000000e4324a98,0x00000000e4580000)
  to   space 14848K, 0% used [0x00000000e2980000,0x00000000e2980000,0x00000000e3800000)
 ParOldGen       total 52736K, used 12620K [0x0000000081200000, 0x0000000084580000, 0x00000000d5b80000)
  object space 52736K, 23% used [0x0000000081200000,0x0000000081e531f8,0x0000000084580000)
 Metaspace       used 34617K, capacity 35166K, committed 35456K, reserved 1079296K
  class space    used 4723K, capacity 4931K, committed 4992K, reserved 1048576K
}
Event: 23.918 GC heap before
{Heap before GC invocations=10 (full 2):
 PSYoungGen      total 224768K, used 11410K [0x00000000d5b80000, 0x00000000e5d80000, 0x0000000100000000)
  eden space 210944K, 0% used [0x00000000d5b80000,0x00000000d5b80000,0x00000000e2980000)
  from space 13824K, 82% used [0x00000000e3800000,0x00000000e4324a98,0x00000000e4580000)
  to   space 14848K, 0% used [0x00000000e2980000,0x00000000e2980000,0x00000000e3800000)
 ParOldGen       total 52736K, used 12620K [0x0000000081200000, 0x0000000084580000, 0x00000000d5b80000)
  object space 52736K, 23% used [0x0000000081200000,0x0000000081e531f8,0x0000000084580000)
 Metaspace       used 34617K, capacity 35166K, committed 35456K, reserved 1079296K
  class space    used 4723K, capacity 4931K, committed 4992K, reserved 1048576K
Event: 24.186 GC heap after
Heap after GC invocations=10 (full 2):
 PSYoungGen      total 224768K, used 0K [0x00000000d5b80000, 0x00000000e5d80000, 0x0000000100000000)
  eden space 210944K, 0% used [0x00000000d5b80000,0x00000000d5b80000,0x00000000e2980000)
  from space 13824K, 0% used [0x00000000e3800000,0x00000000e3800000,0x00000000e4580000)
  to   space 14848K, 0% used [0x00000000e2980000,0x00000000e2980000,0x00000000e3800000)
 ParOldGen       total 72704K, used 19251K [0x0000000081200000, 0x0000000085900000, 0x00000000d5b80000)
  object space 72704K, 26% used [0x0000000081200000,0x00000000824ccff8,0x0000000085900000)
 Metaspace       used 34617K, capacity 35166K, committed 35456K, reserved 1079296K
  class space    used 4723K, capacity 4931K, committed 4992K, reserved 1048576K
}
Event: 34.790 GC heap before
{Heap before GC invocations=11 (full 2):
 PSYoungGen      total 224768K, used 210944K [0x00000000d5b80000, 0x00000000e5d80000, 0x0000000100000000)
  eden space 210944K, 100% used [0x00000000d5b80000,0x00000000e2980000,0x00000000e2980000)
  from space 13824K, 0% used [0x00000000e3800000,0x00000000e3800000,0x00000000e4580000)
  to   space 14848K, 0% used [0x00000000e2980000,0x00000000e2980000,0x00000000e3800000)
 ParOldGen       total 72704K, used 19251K [0x0000000081200000, 0x0000000085900000, 0x00000000d5b80000)
  object space 72704K, 26% used [0x0000000081200000,0x00000000824ccff8,0x0000000085900000)
 Metaspace       used 46450K, capacity 47480K, committed 47616K, reserved 1089536K
  class space    used 6332K, capacity 6620K, committed 6656K, reserved 1048576K
Event: 34.822 GC heap after
Heap after GC invocations=11 (full 2):
 PSYoungGen      total 225792K, used 14827K [0x00000000d5b80000, 0x00000000ea880000, 0x0000000100000000)
  eden space 210944K, 0% used [0x00000000d5b80000,0x00000000d5b80000,0x00000000e2980000)
  from space 14848K, 99% used [0x00000000e2980000,0x00000000e37faf40,0x00000000e3800000)
  to   space 17408K, 0% used [0x00000000e9780000,0x00000000e9780000,0x00000000ea880000)
 ParOldGen       total 72704K, used 20852K [0x0000000081200000, 0x0000000085900000, 0x00000000d5b80000)
  object space 72704K, 28% used [0x0000000081200000,0x000000008265d180,0x0000000085900000)
 Metaspace       used 46450K, capacity 47480K, committed 47616K, reserved 1089536K
  class space    used 6332K, capacity 6620K, committed 6656K, reserved 1048576K
}

